<?xml version="1.0" encoding="UTF-8"?>
<testng-results ignored="0" total="1" passed="1" failed="0" skipped="0">
  <reporter-output>
  </reporter-output>
  <suite started-at="2022-04-21T19:32:58 EDT" name="Default suite" finished-at="2022-04-21T19:33:17 EDT" duration-ms="19291">
    <groups>
    </groups>
    <test started-at="2022-04-21T19:32:58 EDT" name="Default test" finished-at="2022-04-21T19:33:17 EDT" duration-ms="19291">
      <class name="pageObjects.HomePageTest">
        <test-method is-config="true" signature="setup()[pri:0, instance:pageObjects.HomePageTest@18d87d80]" started-at="2022-04-21T19:32:58 EDT" name="setup" finished-at="2022-04-21T19:33:00 EDT" duration-ms="2672" status="PASS">
          <reporter-output>
          </reporter-output>
        </test-method> <!-- setup -->
        <test-method signature="testSearch()[pri:0, instance:pageObjects.HomePageTest@18d87d80]" started-at="2022-04-21T19:33:00 EDT" name="testSearch" finished-at="2022-04-21T19:33:17 EDT" duration-ms="16216" status="PASS">
          <reporter-output>
          </reporter-output>
        </test-method> <!-- testSearch -->
        <test-method is-config="true" signature="teardown()[pri:0, instance:pageObjects.HomePageTest@18d87d80]" started-at="2022-04-21T19:33:17 EDT" name="teardown" finished-at="2022-04-21T19:33:17 EDT" duration-ms="369" status="PASS">
          <reporter-output>
          </reporter-output>
        </test-method> <!-- teardown -->
      </class> <!-- pageObjects.HomePageTest -->
    </test> <!-- Default test -->
  </suite> <!-- Default suite -->
</testng-results>
